<?xml version="1.0" encoding="UTF-8"?>
<testsuite xmlns:xsi="http://www.w3.org/2001/XMLSchema-instance" xsi:noNamespaceSchemaLocation="https://maven.apache.org/surefire/maven-surefire-plugin/xsd/surefire-test-report-3.0.xsd" version="3.0" name="antojos.ecommerce.EcommerceApplicationTests" time="35.399" tests="1" errors="0" skipped="0" failures="0">
  <properties>
[...]
</properties>
  <testcase name="contextLoads" classname="antojos.ecommerce.EcommerceApplicationTests" time="0.466">
    <system-out><![CDATA[13:08:45.442 [main] INFO org.springframework.test.context.support.AnnotationConfigContextLoaderUtils -- Could not detect default configuration classes for test class [antojos.ecommerce.EcommerceApplicationTests]: EcommerceApplicationTests does not declare any static, non-private, non-final, nested classes annotated with @Configuration.
13:08:46.187 [main] INFO org.springframework.boot.test.context.SpringBootTestContextBootstrapper -- Found @SpringBootConfiguration antojos.ecommerce.EcommerceApplication for test class antojos.ecommerce.EcommerceApplicationTests

  .   ____          _            __ _ _
 /\\ / ___'_ __ _ _(_)_ __  __ _ \ \ \ \
( ( )\___ | '_ | '_| | '_ \/ _` | \ \ \ \
 \\/  ___)| |_)| | | | | || (_| |  ) ) ) )
  '  |____| .__|_| |_|_| |_\__, | / / / /
 =========|_|==============|___/=/_/_/_/
 :: Spring Boot ::                (v3.2.0)

2024-06-05T13:08:46.831-03:00  INFO 6084 --- [app_antojos] [           main] a.ecommerce.EcommerceApplicationTests    : Starting EcommerceApplicationTests using Java 21 with PID 6084 (started by PC in E:\PROGRAMACION\0.Proyectos\Antojos\ecommerce)
2024-06-05T13:08:46.833-03:00  INFO 6084 --- [app_antojos] [           main] a.ecommerce.EcommerceApplicationTests    : No active profile set, falling back to 1 default profile: "default"
2024-06-05T13:08:46.871-03:00 DEBUG 6084 --- [app_antojos] [           main] o.s.w.c.s.GenericWebApplicationContext   : Refreshing org.springframework.web.context.support.GenericWebApplicationContext@51684e4a
2024-06-05T13:08:48.111-03:00  INFO 6084 --- [app_antojos] [           main] .s.d.r.c.RepositoryConfigurationDelegate : Bootstrapping Spring Data JPA repositories in DEFAULT mode.
2024-06-05T13:08:48.193-03:00  INFO 6084 --- [app_antojos] [           main] .s.d.r.c.RepositoryConfigurationDelegate : Finished Spring Data repository scanning in 68 ms. Found 7 JPA repository interfaces.
2024-06-05T13:08:48.847-03:00  INFO 6084 --- [app_antojos] [           main] o.hibernate.jpa.internal.util.LogHelper  : HHH000204: Processing PersistenceUnitInfo [name: default]
2024-06-05T13:08:48.941-03:00  INFO 6084 --- [app_antojos] [           main] org.hibernate.Version                    : HHH000412: Hibernate ORM core version 6.3.1.Final
2024-06-05T13:08:48.994-03:00  INFO 6084 --- [app_antojos] [           main] o.h.c.internal.RegionFactoryInitiator    : HHH000026: Second-level cache disabled
2024-06-05T13:08:49.375-03:00  INFO 6084 --- [app_antojos] [           main] o.s.o.j.p.SpringPersistenceUnitInfo      : No LoadTimeWeaver setup: ignoring JPA class transformer
2024-06-05T13:08:49.454-03:00  INFO 6084 --- [app_antojos] [           main] com.zaxxer.hikari.HikariDataSource       : HikariPool-1 - Starting...
2024-06-05T13:08:52.816-03:00  INFO 6084 --- [app_antojos] [           main] com.zaxxer.hikari.pool.HikariPool        : HikariPool-1 - Added connection com.mysql.cj.jdbc.ConnectionImpl@38a38ed4
2024-06-05T13:08:52.820-03:00  INFO 6084 --- [app_antojos] [           main] com.zaxxer.hikari.HikariDataSource       : HikariPool-1 - Start completed.
2024-06-05T13:08:53.608-03:00  WARN 6084 --- [app_antojos] [           main] org.hibernate.mapping.RootClass          : HHH000038: Composite-id class does not override equals(): antojos.ecommerce.direction.Dir$DirId
2024-06-05T13:08:53.608-03:00  WARN 6084 --- [app_antojos] [           main] org.hibernate.mapping.RootClass          : HHH000039: Composite-id class does not override hashCode(): antojos.ecommerce.direction.Dir$DirId
2024-06-05T13:08:54.299-03:00  INFO 6084 --- [app_antojos] [           main] o.h.e.t.j.p.i.JtaPlatformInitiator       : HHH000489: No JTA platform available (set 'hibernate.transaction.jta.platform' to enable JTA platform integration)
2024-06-05T13:09:17.312-03:00  INFO 6084 --- [app_antojos] [           main] j.LocalContainerEntityManagerFactoryBean : Initialized JPA EntityManagerFactory for persistence unit 'default'
2024-06-05T13:09:18.098-03:00  INFO 6084 --- [app_antojos] [           main] o.s.d.j.r.query.QueryEnhancerFactory     : Hibernate is in classpath; If applicable, HQL parser will be used.
2024-06-05T13:09:18.994-03:00  WARN 6084 --- [app_antojos] [           main] JpaBaseConfiguration$JpaWebConfiguration : spring.jpa.open-in-view is enabled by default. Therefore, database queries may be performed during view rendering. Explicitly configure spring.jpa.open-in-view to disable this warning
2024-06-05T13:09:19.279-03:00 DEBUG 6084 --- [app_antojos] [           main] s.w.s.m.m.a.RequestMappingHandlerMapping : 43 mappings in 'requestMappingHandlerMapping'
2024-06-05T13:09:19.415-03:00 DEBUG 6084 --- [app_antojos] [           main] o.s.w.s.handler.SimpleUrlHandlerMapping  : Patterns [/webjars/**, /**] in 'resourceHandlerMapping'
2024-06-05T13:09:19.450-03:00  INFO 6084 --- [app_antojos] [           main] o.s.s.web.DefaultSecurityFilterChain     : Will secure any request with [org.springframework.security.web.session.DisableEncodeUrlFilter@4221663d, org.springframework.security.web.context.request.async.WebAsyncManagerIntegrationFilter@3ebfe048, org.springframework.security.web.context.SecurityContextHolderFilter@7a88e6a9, org.springframework.security.web.header.HeaderWriterFilter@2a3de2b, org.springframework.web.filter.CorsFilter@5e24af83, org.springframework.security.web.authentication.logout.LogoutFilter@20894afb, antojos.ecommerce.jwt.JwtAuthenticationFilter@e280006, org.springframework.security.web.savedrequest.RequestCacheAwareFilter@20bc72af, org.springframework.security.web.servletapi.SecurityContextHolderAwareRequestFilter@36f2bfe6, org.springframework.security.web.authentication.AnonymousAuthenticationFilter@34329e03, org.springframework.security.web.session.SessionManagementFilter@4a89722e, org.springframework.security.web.access.ExceptionTranslationFilter@6ca6d195, org.springframework.security.web.access.intercept.AuthorizationFilter@5c4404dd]
2024-06-05T13:09:19.700-03:00 DEBUG 6084 --- [app_antojos] [           main] s.w.s.m.m.a.RequestMappingHandlerAdapter : ControllerAdvice beans: 0 @ModelAttribute, 0 @InitBinder, 1 RequestBodyAdvice, 1 ResponseBodyAdvice
2024-06-05T13:09:19.747-03:00 DEBUG 6084 --- [app_antojos] [           main] .m.m.a.ExceptionHandlerExceptionResolver : ControllerAdvice beans: 1 @ExceptionHandler, 1 ResponseBodyAdvice
2024-06-05T13:09:20.017-03:00  INFO 6084 --- [app_antojos] [           main] a.ecommerce.EcommerceApplicationTests    : Started EcommerceApplicationTests in 33.464 seconds (process running for 35.767)
]]></system-out>
    <system-err><![CDATA[WARNING: A Java agent has been loaded dynamically (C:\Users\PC\.m2\repository\net\bytebuddy\byte-buddy-agent\1.14.10\byte-buddy-agent-1.14.10.jar)
WARNING: If a serviceability tool is in use, please run with -XX:+EnableDynamicAgentLoading to hide this warning
WARNING: If a serviceability tool is not in use, please run with -Djdk.instrument.traceUsage for more information
WARNING: Dynamic loading of agents will be disallowed by default in a future release
]]></system-err>
  </testcase>
</testsuite>